[debug] [2025-12-14T15:44:39.684Z] ----------------------------------------------------------------------
[debug] [2025-12-14T15:44:39.686Z] Command:       C:\Program Files\nodejs\node.exe C:\Users\scott\AppData\Roaming\npm\node_modules\firebase-tools\lib\bin\firebase.js init
[debug] [2025-12-14T15:44:39.687Z] CLI Version:   15.0.0
[debug] [2025-12-14T15:44:39.687Z] Platform:      win32
[debug] [2025-12-14T15:44:39.687Z] Node Version:  v22.9.0
[debug] [2025-12-14T15:44:39.687Z] Time:          Sun Dec 14 2025 15:44:39 GMT+0000 (Greenwich Mean Time)
[debug] [2025-12-14T15:44:39.687Z] ----------------------------------------------------------------------
[debug] 
[info] 
     ######## #### ########  ######## ########     ###     ######  ########
     ##        ##  ##     ## ##       ##     ##  ##   ##  ##       ##
     ######    ##  ########  ######   ########  #########  ######  ######
     ##        ##  ##    ##  ##       ##     ## ##     ##       ## ##
     ##       #### ##     ## ######## ########  ##     ##  ######  ########

You're about to initialize a Firebase project in this directory:

  C:\Users\scott\Projects\ATasteOfWorcester\worcesterrecipes

[info] 
=== Project Setup
[info] 
[info] First, let's associate this project directory with a Firebase project.
[info] You can create multiple project aliases by running firebase use --add, 
[info] 
[info] i  If you want to create a project in a Google Cloud organization or folder, please use "firebase projects:create" instead, and return to this command when you've created the project. 
[debug] [2025-12-14T15:44:53.088Z] > command requires scopes: ["email","openid","https://www.googleapis.com/auth/cloudplatformprojects.readonly","https://www.googleapis.com/auth/firebase","https://www.googleapis.com/auth/cloud-platform"]
[debug] [2025-12-14T15:44:53.089Z] > authorizing via signed-in user (scottharringtonsd@gmail.com)
[debug] [2025-12-14T15:45:04.215Z] Checked if tokens are valid: true, expires at: 1765730665745
[debug] [2025-12-14T15:45:04.216Z] Checked if tokens are valid: true, expires at: 1765730665745
[debug] [2025-12-14T15:45:04.217Z] >>> [apiv2][query] POST https://firebase.googleapis.com/v1/projects:checkProjectId [none]
[debug] [2025-12-14T15:45:04.217Z] >>> [apiv2][body] POST https://firebase.googleapis.com/v1/projects:checkProjectId {"proposedId":"ATasteOfWorcester"}
[debug] [2025-12-14T15:45:04.575Z] <<< [apiv2][status] POST https://firebase.googleapis.com/v1/projects:checkProjectId 200
[debug] [2025-12-14T15:45:04.576Z] <<< [apiv2][body] POST https://firebase.googleapis.com/v1/projects:checkProjectId {"projectIdStatus":"PROJECT_ID_NOT_VALID","suggestedProjectId":"atasteofworcester"}
[debug] [2025-12-14T15:45:09.557Z] ExitPromptError: User force closed the prompt with SIGINT
    at Interface.sigint (C:\Users\scott\AppData\Roaming\npm\node_modules\firebase-tools\node_modules\@inquirer\core\dist\commonjs\lib\create-prompt.js:101:37)
    at Interface.emit (node:events:519:28)
    at [_ttyWrite] [as _ttyWrite] (node:internal/readline/interface:1124:18)
    at ReadStream.onkeypress (node:internal/readline/interface:263:20)
    at ReadStream.emit (node:events:531:35)
    at emitKeys (node:internal/readline/utils:370:14)
    at emitKeys.next (<anonymous>)
    at ReadStream.onData (node:internal/readline/emitKeypressEvents:64:36)
    at ReadStream.emit (node:events:519:28)
    at addChunk (node:internal/streams/readable:561:12)
[error] 
[error] Error: An unexpected error has occurred.
[debug] [2025-12-14T15:45:14.255Z] ----------------------------------------------------------------------
[debug] [2025-12-14T15:45:14.257Z] Command:       C:\Program Files\nodejs\node.exe C:\Users\scott\AppData\Roaming\npm\node_modules\firebase-tools\lib\bin\firebase.js init
[debug] [2025-12-14T15:45:14.258Z] CLI Version:   15.0.0
[debug] [2025-12-14T15:45:14.258Z] Platform:      win32
[debug] [2025-12-14T15:45:14.258Z] Node Version:  v22.9.0
[debug] [2025-12-14T15:45:14.258Z] Time:          Sun Dec 14 2025 15:45:14 GMT+0000 (Greenwich Mean Time)
[debug] [2025-12-14T15:45:14.258Z] ----------------------------------------------------------------------
[debug] 
[info] 
     ######## #### ########  ######## ########     ###     ######  ########
     ##        ##  ##     ## ##       ##     ##  ##   ##  ##       ##
     ######    ##  ########  ######   ########  #########  ######  ######
     ##        ##  ##    ##  ##       ##     ## ##     ##       ## ##
     ##       #### ##     ## ######## ########  ##     ##  ######  ########

You're about to initialize a Firebase project in this directory:

  C:\Users\scott\Projects\ATasteOfWorcester\worcesterrecipes

[info] 
=== Project Setup
[info] 
[info] First, let's associate this project directory with a Firebase project.
[info] You can create multiple project aliases by running firebase use --add, 
[info] 
[debug] [2025-12-14T15:45:22.878Z] > command requires scopes: ["email","openid","https://www.googleapis.com/auth/cloudplatformprojects.readonly","https://www.googleapis.com/auth/firebase","https://www.googleapis.com/auth/cloud-platform"]
[debug] [2025-12-14T15:45:22.878Z] > authorizing via signed-in user (scottharringtonsd@gmail.com)
[debug] [2025-12-14T15:45:22.879Z] Checked if tokens are valid: true, expires at: 1765730665745
[debug] [2025-12-14T15:45:22.879Z] Checked if tokens are valid: true, expires at: 1765730665745
[debug] [2025-12-14T15:45:22.880Z] >>> [apiv2][query] GET https://firebase.googleapis.com/v1beta1/projects pageSize=100
[debug] [2025-12-14T15:45:23.474Z] <<< [apiv2][status] GET https://firebase.googleapis.com/v1beta1/projects 200
[debug] [2025-12-14T15:45:23.474Z] <<< [apiv2][body] GET https://firebase.googleapis.com/v1beta1/projects [omitted]
[debug] [2025-12-14T15:45:38.139Z] ExitPromptError: User force closed the prompt with SIGINT
    at Interface.sigint (C:\Users\scott\AppData\Roaming\npm\node_modules\firebase-tools\node_modules\@inquirer\core\dist\commonjs\lib\create-prompt.js:101:37)
    at Interface.emit (node:events:519:28)
    at [_ttyWrite] [as _ttyWrite] (node:internal/readline/interface:1124:18)
    at ReadStream.onkeypress (node:internal/readline/interface:263:20)
    at ReadStream.emit (node:events:531:35)
    at emitKeys (node:internal/readline/utils:370:14)
    at emitKeys.next (<anonymous>)
    at ReadStream.onData (node:internal/readline/emitKeypressEvents:64:36)
    at ReadStream.emit (node:events:519:28)
    at addChunk (node:internal/streams/readable:561:12)
[error] 
[error] Error: An unexpected error has occurred.
[debug] [2025-12-14T15:45:47.088Z] ----------------------------------------------------------------------
[debug] [2025-12-14T15:45:47.090Z] Command:       C:\Program Files\nodejs\node.exe C:\Users\scott\AppData\Roaming\npm\node_modules\firebase-tools\lib\bin\firebase.js init
[debug] [2025-12-14T15:45:47.090Z] CLI Version:   15.0.0
[debug] [2025-12-14T15:45:47.090Z] Platform:      win32
[debug] [2025-12-14T15:45:47.090Z] Node Version:  v22.9.0
[debug] [2025-12-14T15:45:47.090Z] Time:          Sun Dec 14 2025 15:45:47 GMT+0000 (Greenwich Mean Time)
[debug] [2025-12-14T15:45:47.090Z] ----------------------------------------------------------------------
[debug] 
[info] 
     ######## #### ########  ######## ########     ###     ######  ########
     ##        ##  ##     ## ##       ##     ##  ##   ##  ##       ##
     ######    ##  ########  ######   ########  #########  ######  ######
     ##        ##  ##    ##  ##       ##     ## ##     ##       ## ##
     ##       #### ##     ## ######## ########  ##     ##  ######  ########

You're about to initialize a Firebase project in this directory:

  C:\Users\scott\Projects\ATasteOfWorcester\worcesterrecipes

[info] 
=== Project Setup
[info] 
[info] First, let's associate this project directory with a Firebase project.
[info] You can create multiple project aliases by running firebase use --add, 
[info] 
[info] i  If you want to create a project in a Google Cloud organization or folder, please use "firebase projects:create" instead, and return to this command when you've created the project. 
[debug] [2025-12-14T15:45:58.430Z] > command requires scopes: ["email","openid","https://www.googleapis.com/auth/cloudplatformprojects.readonly","https://www.googleapis.com/auth/firebase","https://www.googleapis.com/auth/cloud-platform"]
[debug] [2025-12-14T15:45:58.430Z] > authorizing via signed-in user (scottharringtonsd@gmail.com)
[debug] [2025-12-14T15:46:06.385Z] Checked if tokens are valid: true, expires at: 1765730665745
[debug] [2025-12-14T15:46:06.385Z] Checked if tokens are valid: true, expires at: 1765730665745
[debug] [2025-12-14T15:46:06.387Z] >>> [apiv2][query] POST https://firebase.googleapis.com/v1/projects:checkProjectId [none]
[debug] [2025-12-14T15:46:06.387Z] >>> [apiv2][body] POST https://firebase.googleapis.com/v1/projects:checkProjectId {"proposedId":"ATasteOfWorcester"}
[debug] [2025-12-14T15:46:06.800Z] <<< [apiv2][status] POST https://firebase.googleapis.com/v1/projects:checkProjectId 200
[debug] [2025-12-14T15:46:06.800Z] <<< [apiv2][body] POST https://firebase.googleapis.com/v1/projects:checkProjectId {"projectIdStatus":"PROJECT_ID_NOT_VALID","suggestedProjectId":"atasteofworcester"}
[debug] [2025-12-14T15:46:13.909Z] Checked if tokens are valid: true, expires at: 1765730665745
[debug] [2025-12-14T15:46:13.909Z] Checked if tokens are valid: true, expires at: 1765730665745
[debug] [2025-12-14T15:46:13.910Z] >>> [apiv2][query] POST https://firebase.googleapis.com/v1/projects:checkProjectId [none]
[debug] [2025-12-14T15:46:13.910Z] >>> [apiv2][body] POST https://firebase.googleapis.com/v1/projects:checkProjectId {"proposedId":"WorcesterRecipes"}
[debug] [2025-12-14T15:46:14.193Z] <<< [apiv2][status] POST https://firebase.googleapis.com/v1/projects:checkProjectId 200
[debug] [2025-12-14T15:46:14.193Z] <<< [apiv2][body] POST https://firebase.googleapis.com/v1/projects:checkProjectId {"projectIdStatus":"PROJECT_ID_NOT_VALID","suggestedProjectId":"worcesterrecipes"}
[debug] [2025-12-14T15:46:23.938Z] Checked if tokens are valid: true, expires at: 1765730665745
[debug] [2025-12-14T15:46:23.938Z] Checked if tokens are valid: true, expires at: 1765730665745
[debug] [2025-12-14T15:46:23.940Z] >>> [apiv2][query] POST https://firebase.googleapis.com/v1/projects:checkProjectId [none]
[debug] [2025-12-14T15:46:23.940Z] >>> [apiv2][body] POST https://firebase.googleapis.com/v1/projects:checkProjectId {"proposedId":"atasteofworcester"}
[debug] [2025-12-14T15:46:24.412Z] <<< [apiv2][status] POST https://firebase.googleapis.com/v1/projects:checkProjectId 200
[debug] [2025-12-14T15:46:24.413Z] <<< [apiv2][body] POST https://firebase.googleapis.com/v1/projects:checkProjectId {"projectIdStatus":"PROJECT_ID_AVAILABLE","suggestedProjectId":"atasteofworcester"}
[debug] [2025-12-14T15:46:26.228Z] Checked if tokens are valid: true, expires at: 1765730665745
[debug] [2025-12-14T15:46:26.228Z] Checked if tokens are valid: true, expires at: 1765730665745
[debug] [2025-12-14T15:46:26.228Z] >>> [apiv2][query] POST https://cloudresourcemanager.googleapis.com/v1/projects [none]
[debug] [2025-12-14T15:46:26.228Z] >>> [apiv2][body] POST https://cloudresourcemanager.googleapis.com/v1/projects {"projectId":"atasteofworcester","name":"atasteofworcester"}
[debug] [2025-12-14T15:46:26.583Z] <<< [apiv2][status] POST https://cloudresourcemanager.googleapis.com/v1/projects 200
[debug] [2025-12-14T15:46:26.583Z] <<< [apiv2][body] POST https://cloudresourcemanager.googleapis.com/v1/projects {"name":"operations/create_project.global.6693815182753674682"}
[debug] [2025-12-14T15:46:26.584Z] Checked if tokens are valid: true, expires at: 1765730665745
[debug] [2025-12-14T15:46:26.584Z] Checked if tokens are valid: true, expires at: 1765730665745
[debug] [2025-12-14T15:46:26.585Z] >>> [apiv2][query] GET https://cloudresourcemanager.googleapis.com/v1/operations/create_project.global.6693815182753674682 [none]
[debug] [2025-12-14T15:46:27.194Z] <<< [apiv2][status] GET https://cloudresourcemanager.googleapis.com/v1/operations/create_project.global.6693815182753674682 200
[debug] [2025-12-14T15:46:27.194Z] <<< [apiv2][body] GET https://cloudresourcemanager.googleapis.com/v1/operations/create_project.global.6693815182753674682 {"name":"operations/create_project.global.6693815182753674682"}
[debug] [2025-12-14T15:46:27.698Z] [Project Creation Poller] Retrying task index 0
[debug] [2025-12-14T15:46:27.699Z] Checked if tokens are valid: true, expires at: 1765730665745
[debug] [2025-12-14T15:46:27.699Z] Checked if tokens are valid: true, expires at: 1765730665745
[debug] [2025-12-14T15:46:27.699Z] >>> [apiv2][query] GET https://cloudresourcemanager.googleapis.com/v1/operations/create_project.global.6693815182753674682 [none]
[debug] [2025-12-14T15:46:27.876Z] <<< [apiv2][status] GET https://cloudresourcemanager.googleapis.com/v1/operations/create_project.global.6693815182753674682 200
[debug] [2025-12-14T15:46:27.876Z] <<< [apiv2][body] GET https://cloudresourcemanager.googleapis.com/v1/operations/create_project.global.6693815182753674682 {"name":"operations/create_project.global.6693815182753674682"}
[debug] [2025-12-14T15:46:28.884Z] [Project Creation Poller] Retrying task index 0
[debug] [2025-12-14T15:46:28.885Z] Checked if tokens are valid: true, expires at: 1765730665745
[debug] [2025-12-14T15:46:28.885Z] Checked if tokens are valid: true, expires at: 1765730665745
[debug] [2025-12-14T15:46:28.885Z] >>> [apiv2][query] GET https://cloudresourcemanager.googleapis.com/v1/operations/create_project.global.6693815182753674682 [none]
[debug] [2025-12-14T15:46:29.047Z] <<< [apiv2][status] GET https://cloudresourcemanager.googleapis.com/v1/operations/create_project.global.6693815182753674682 200
[debug] [2025-12-14T15:46:29.048Z] <<< [apiv2][body] GET https://cloudresourcemanager.googleapis.com/v1/operations/create_project.global.6693815182753674682 {"name":"operations/create_project.global.6693815182753674682","metadata":{"@type":"type.googleapis.com/google.cloudresourcemanager.v1.ProjectCreationStatus","gettable":true,"ready":true},"done":true,"response":{"@type":"type.googleapis.com/google.cloudresourcemanager.v1.Project","projectNumber":"557419788872","projectId":"atasteofworcester","lifecycleState":"ACTIVE","name":"atasteofworcester","createTime":"2025-12-14T15:46:25.764266Z"}}
[debug] [2025-12-14T15:46:29.049Z] Checked if tokens are valid: true, expires at: 1765730665745
[debug] [2025-12-14T15:46:29.049Z] Checked if tokens are valid: true, expires at: 1765730665745
[debug] [2025-12-14T15:46:29.049Z] >>> [apiv2][query] POST https://firebase.googleapis.com/v1beta1/projects/atasteofworcester:addFirebase [none]
[debug] [2025-12-14T15:46:32.718Z] <<< [apiv2][status] POST https://firebase.googleapis.com/v1beta1/projects/atasteofworcester:addFirebase 200
[debug] [2025-12-14T15:46:32.718Z] <<< [apiv2][body] POST https://firebase.googleapis.com/v1beta1/projects/atasteofworcester:addFirebase {"name":"operations/workflows/ZTRjMDM0MzUtYzliMS00NTg3LThjZGYtNGJmYWYyYzA5NDg5"}
[debug] [2025-12-14T15:46:32.718Z] Checked if tokens are valid: true, expires at: 1765730665745
[debug] [2025-12-14T15:46:32.718Z] Checked if tokens are valid: true, expires at: 1765730665745
[debug] [2025-12-14T15:46:32.719Z] >>> [apiv2][query] GET https://firebase.googleapis.com/v1beta1/operations/workflows/ZTRjMDM0MzUtYzliMS00NTg3LThjZGYtNGJmYWYyYzA5NDg5 [none]
[debug] [2025-12-14T15:46:38.028Z] <<< [apiv2][status] GET https://firebase.googleapis.com/v1beta1/operations/workflows/ZTRjMDM0MzUtYzliMS00NTg3LThjZGYtNGJmYWYyYzA5NDg5 200
[debug] [2025-12-14T15:46:38.029Z] <<< [apiv2][body] GET https://firebase.googleapis.com/v1beta1/operations/workflows/ZTRjMDM0MzUtYzliMS00NTg3LThjZGYtNGJmYWYyYzA5NDg5 {"name":"operations/workflows/ZTRjMDM0MzUtYzliMS00NTg3LThjZGYtNGJmYWYyYzA5NDg5"}
[debug] [2025-12-14T15:46:38.543Z] [Add Firebase Poller] Retrying task index 0
[debug] [2025-12-14T15:46:38.543Z] Checked if tokens are valid: true, expires at: 1765730665745
[debug] [2025-12-14T15:46:38.544Z] Checked if tokens are valid: true, expires at: 1765730665745
[debug] [2025-12-14T15:46:38.544Z] >>> [apiv2][query] GET https://firebase.googleapis.com/v1beta1/operations/workflows/ZTRjMDM0MzUtYzliMS00NTg3LThjZGYtNGJmYWYyYzA5NDg5 [none]
[debug] [2025-12-14T15:46:39.071Z] <<< [apiv2][status] GET https://firebase.googleapis.com/v1beta1/operations/workflows/ZTRjMDM0MzUtYzliMS00NTg3LThjZGYtNGJmYWYyYzA5NDg5 200
[debug] [2025-12-14T15:46:39.071Z] <<< [apiv2][body] GET https://firebase.googleapis.com/v1beta1/operations/workflows/ZTRjMDM0MzUtYzliMS00NTg3LThjZGYtNGJmYWYyYzA5NDg5 {"name":"operations/workflows/ZTRjMDM0MzUtYzliMS00NTg3LThjZGYtNGJmYWYyYzA5NDg5"}
[debug] [2025-12-14T15:46:40.086Z] [Add Firebase Poller] Retrying task index 0
[debug] [2025-12-14T15:46:40.086Z] Checked if tokens are valid: true, expires at: 1765730665745
[debug] [2025-12-14T15:46:40.086Z] Checked if tokens are valid: true, expires at: 1765730665745
[debug] [2025-12-14T15:46:40.086Z] >>> [apiv2][query] GET https://firebase.googleapis.com/v1beta1/operations/workflows/ZTRjMDM0MzUtYzliMS00NTg3LThjZGYtNGJmYWYyYzA5NDg5 [none]
[debug] [2025-12-14T15:46:40.805Z] <<< [apiv2][status] GET https://firebase.googleapis.com/v1beta1/operations/workflows/ZTRjMDM0MzUtYzliMS00NTg3LThjZGYtNGJmYWYyYzA5NDg5 200
[debug] [2025-12-14T15:46:40.805Z] <<< [apiv2][body] GET https://firebase.googleapis.com/v1beta1/operations/workflows/ZTRjMDM0MzUtYzliMS00NTg3LThjZGYtNGJmYWYyYzA5NDg5 {"name":"operations/workflows/ZTRjMDM0MzUtYzliMS00NTg3LThjZGYtNGJmYWYyYzA5NDg5"}
[debug] [2025-12-14T15:46:42.824Z] [Add Firebase Poller] Retrying task index 0
[debug] [2025-12-14T15:46:42.824Z] Checked if tokens are valid: true, expires at: 1765730665745
[debug] [2025-12-14T15:46:42.824Z] Checked if tokens are valid: true, expires at: 1765730665745
[debug] [2025-12-14T15:46:42.825Z] >>> [apiv2][query] GET https://firebase.googleapis.com/v1beta1/operations/workflows/ZTRjMDM0MzUtYzliMS00NTg3LThjZGYtNGJmYWYyYzA5NDg5 [none]
[debug] [2025-12-14T15:46:43.468Z] <<< [apiv2][status] GET https://firebase.googleapis.com/v1beta1/operations/workflows/ZTRjMDM0MzUtYzliMS00NTg3LThjZGYtNGJmYWYyYzA5NDg5 200
[debug] [2025-12-14T15:46:43.468Z] <<< [apiv2][body] GET https://firebase.googleapis.com/v1beta1/operations/workflows/ZTRjMDM0MzUtYzliMS00NTg3LThjZGYtNGJmYWYyYzA5NDg5 {"name":"operations/workflows/ZTRjMDM0MzUtYzliMS00NTg3LThjZGYtNGJmYWYyYzA5NDg5"}
[debug] [2025-12-14T15:46:47.471Z] [Add Firebase Poller] Retrying task index 0
[debug] [2025-12-14T15:46:47.472Z] Checked if tokens are valid: true, expires at: 1765730665745
[debug] [2025-12-14T15:46:47.472Z] Checked if tokens are valid: true, expires at: 1765730665745
[debug] [2025-12-14T15:46:47.472Z] >>> [apiv2][query] GET https://firebase.googleapis.com/v1beta1/operations/workflows/ZTRjMDM0MzUtYzliMS00NTg3LThjZGYtNGJmYWYyYzA5NDg5 [none]
[debug] [2025-12-14T15:46:47.796Z] <<< [apiv2][status] GET https://firebase.googleapis.com/v1beta1/operations/workflows/ZTRjMDM0MzUtYzliMS00NTg3LThjZGYtNGJmYWYyYzA5NDg5 200
[debug] [2025-12-14T15:46:47.796Z] <<< [apiv2][body] GET https://firebase.googleapis.com/v1beta1/operations/workflows/ZTRjMDM0MzUtYzliMS00NTg3LThjZGYtNGJmYWYyYzA5NDg5 {"name":"operations/workflows/ZTRjMDM0MzUtYzliMS00NTg3LThjZGYtNGJmYWYyYzA5NDg5","done":true,"response":{"@type":"type.googleapis.com/google.firebase.service.v1beta1.FirebaseProject","projectId":"atasteofworcester","projectNumber":"557419788872","displayName":"atasteofworcester","name":"projects/atasteofworcester","resources":{"hostingSite":"atasteofworcester"}}}
[info] 
[info] === Your Firebase project is ready! ===
[info] 
[info] Project information:
[info]    - Project ID: atasteofworcester
[info]    - Project Name: atasteofworcester
[info] 
[info] Firebase console is available at
[info] https://console.firebase.google.com/project/atasteofworcester/overview
[info] 
=== Hosting Setup
[debug] [2025-12-14T15:46:47.812Z] Checked if tokens are valid: true, expires at: 1765730665745
[debug] [2025-12-14T15:46:47.812Z] Checked if tokens are valid: true, expires at: 1765730665745
[debug] [2025-12-14T15:46:47.812Z] >>> [apiv2][query] GET https://firebase.googleapis.com/v1beta1/projects/atasteofworcester [none]
[debug] [2025-12-14T15:46:48.788Z] <<< [apiv2][status] GET https://firebase.googleapis.com/v1beta1/projects/atasteofworcester 200
[debug] [2025-12-14T15:46:48.788Z] <<< [apiv2][body] GET https://firebase.googleapis.com/v1beta1/projects/atasteofworcester {"projectId":"atasteofworcester","projectNumber":"557419788872","displayName":"atasteofworcester","name":"projects/atasteofworcester","resources":{"hostingSite":"atasteofworcester"},"state":"ACTIVE","etag":"1_7da94edd-1904-46b6-abd6-0f53039f5a08"}
[info] 
[info] Your public directory is the folder (relative to your project directory) that
[info] will contain Hosting assets to be uploaded with firebase deploy. If you
[info] have a build process for your assets, use your build's output directory.
[info] 
[info] 
[info] i  Detected a .git folder at C:\Users\scott\Projects\ATasteOfWorcester\worcesterrecipes 
[info] i  Authorizing with GitHub to upload your service account to a GitHub repository's secrets store. 
[info] 
[info] Visit this URL on this device to log in:
[info] https://github.com/login/oauth/authorize?client_id=89cf50f02ac6aaed3484&state=391268995&redirect_uri=http%3A%2F%2Flocalhost%3A9005&scope=read%3Auser%20repo%20public_repo
[info] 
[info] Waiting for authentication...
[debug] [2025-12-14T15:51:07.910Z] >>> [apiv2][query] POST https://github.com/login/oauth/access_token [none]
[debug] [2025-12-14T15:51:07.910Z] >>> [apiv2][body] POST https://github.com/login/oauth/access_token [stream]
[debug] [2025-12-14T15:51:08.168Z] <<< [apiv2][status] POST https://github.com/login/oauth/access_token 200
[debug] [2025-12-14T15:51:08.169Z] <<< [apiv2][body] POST https://github.com/login/oauth/access_token {"access_token":"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","token_type":"bearer","scope":"read:user,repo"}
[debug] [2025-12-14T15:51:08.171Z] >>> [apiv2][query] GET https://api.github.com/user [none]
[debug] [2025-12-14T15:51:08.456Z] <<< [apiv2][status] GET https://api.github.com/user 200
[debug] [2025-12-14T15:51:08.456Z] <<< [apiv2][body] GET https://api.github.com/user {"login":"ScottHarringtonSD","id":187338566,"node_id":"U_kgDOCyqPRg","avatar_url":"https://avatars.githubusercontent.com/u/187338566?v=4","gravatar_id":"","url":"https://api.github.com/users/ScottHarringtonSD","html_url":"https://github.com/ScottHarringtonSD","followers_url":"https://api.github.com/users/ScottHarringtonSD/followers","following_url":"https://api.github.com/users/ScottHarringtonSD/following{/other_user}","gists_url":"https://api.github.com/users/ScottHarringtonSD/gists{/gist_id}","starred_url":"https://api.github.com/users/ScottHarringtonSD/starred{/owner}{/repo}","subscriptions_url":"https://api.github.com/users/ScottHarringtonSD/subscriptions","organizations_url":"https://api.github.com/users/ScottHarringtonSD/orgs","repos_url":"https://api.github.com/users/ScottHarringtonSD/repos","events_url":"https://api.github.com/users/ScottHarringtonSD/events{/privacy}","received_events_url":"https://api.github.com/users/ScottHarringtonSD/received_events","type":"User","user_view_type":"private","site_admin":false,"name":null,"company":null,"blog":"","location":null,"email":null,"hireable":null,"bio":null,"twitter_username":null,"notification_email":null,"public_repos":6,"public_gists":0,"followers":1,"following":0,"created_at":"2024-11-04T22:16:15Z","updated_at":"2025-11-24T18:52:04Z","private_gists":0,"total_private_repos":4,"owned_private_repos":4,"disk_usage":16848,"collaborators":3,"two_factor_authentication":false,"plan":{"name":"free","space":976562499,"collaborators":0,"private_repos":10000}}
[info] 
[info] +  Success! Logged into GitHub as ScottHarringtonSD 
[info] 
